============================================================
品牌标识识别运行日志
输入文件: A1.05_1_不同组合形式品牌标识_3_横式
运行时间: 2026-07-08 14:49:18
运行状态: 成功
消息: Success
============================================================

【模块耗时统计】
  image_load               : 0.002 秒
  blur_detection           : 0.011 秒
  ocr                      : 36.132 秒
  tuple_filtering          : 0.001 秒
  logo_detection           : 0.478 秒
  roi_processing           : 0.000 秒
  roi_annotation           : 跳过(未执行)
  brand_classification     : 0.001 秒
  background_verification  : 跳过(未执行)
  font_verification        : 跳过(未执行)
  total                    : 36.625 秒

【关键结果摘要】
  模糊检测: is_clear=True, combined_score=6.397809839852414
  OCR 文本数: 3
  过滤后元组数: 1
  Logo 检测数: 0
  ROI 布局类型: None
  品牌类型: 不同组合形式品牌标识-纯中文 (R01)
