============================================================
品牌标识识别运行日志
输入文件: nanwan_pic_0kyt
运行时间: 2026-07-14 10:14:18
运行状态: 成功
消息: Success
============================================================

【模块耗时统计】
  image_load               : 0.023 秒
  blur_detection           : 0.079 秒
  ocr                      : 47.142 秒
  tuple_filtering          : 0.001 秒
  logo_detection           : 0.910 秒
  roi_processing           : 0.000 秒
  roi_annotation           : 0.071 秒
  brand_classification     : 0.001 秒
  background_verification  : 17.345 秒
  font_verification        : 56.162 秒
  compliance_check         : 0.002 秒
  total                    : 121.777 秒

【关键结果摘要】
  模糊检测: is_clear=True, combined_score=11.265989745546474
  OCR 文本数: 8
  过滤后元组数: 3
  Logo 检测数: 1
  ROI 布局类型: 横式
  品牌类型: 品牌标识组合使用规范 (R02)
  背景校验: success=True, logo版本=反白版本, 符合要求=True, 干净=False
  合规检测: passed=False, A=150.7, 违规项=1
  字体校验: success=True
    chinese: 不是 (置信度=中)
    english_full: 不是 (置信度=高)
    csg: 不适用 (置信度=不适用)
    other_text: 是 (置信度=高)
