============================================================
品牌标识识别运行日志
输入文件: nanwan_pic_4v26
运行时间: 2026-07-14 16:07:06
运行状态: 成功
消息: Success
============================================================

【模块耗时统计】
  image_load               : 0.005 秒
  blur_detection           : 0.029 秒
  ocr                      : 32.397 秒
  tuple_filtering          : 0.001 秒
  logo_detection           : 0.736 秒
  roi_processing           : 0.000 秒
  roi_annotation           : 0.036 秒
  brand_classification     : 0.001 秒
  background_verification  : 17.396 秒
  font_verification        : 跳过(未执行)
  compliance_check         : 0.000 秒
  total                    : 50.600 秒

【关键结果摘要】
  模糊检测: is_clear=True, combined_score=2.6079517764156
  OCR 文本数: 7
  过滤后元组数: 4
  Logo 检测数: 1
  ROI 布局类型: 竖式
  品牌类型: 不同组合形式品牌标识-纯中文 (R01)
  背景校验: success=True, logo版本=标准彩色版本, 符合要求=True, 干净=False
  合规检测: 跳过 (未定义 R01-竖式 的基准比值)
