============================================================
品牌标识识别运行日志
输入文件: nanwan_pic_0kyt
运行时间: 2026-07-09 18:33:29
运行状态: 成功
消息: Success
============================================================

【模块耗时统计】
  image_load               : 0.020 秒
  blur_detection           : 0.044 秒
  ocr                      : 43.125 秒
  tuple_filtering          : 0.000 秒
  logo_detection           : 0.382 秒
  roi_processing           : 0.000 秒
  roi_annotation           : 0.043 秒
  brand_classification     : 0.000 秒
  background_verification  : 18.026 秒
  font_verification        : 32.365 秒
  total                    : 94.006 秒

【关键结果摘要】
  模糊检测: is_clear=True, combined_score=11.265989745546474
  OCR 文本数: 8
  过滤后元组数: 3
  Logo 检测数: 1
  ROI 布局类型: 横式
  品牌类型: 品牌标识组合使用规范 (R02)
  背景校验: success=True, logo版本=反白版本, 符合要求=True, 干净=False
  字体校验: success=True
    chinese: 是 (置信度=高)
    english_full: 不适用 (置信度=高)
    csg: 不适用 (置信度=不适用)
