============================================================
品牌标识识别运行日志
输入文件: nanwan_pic_4r7d
运行时间: 2026-07-14 17:45:30
运行状态: 成功
消息: Success
============================================================

【模块耗时统计】
  image_load               : 0.016 秒
  blur_detection           : 0.022 秒
  ocr                      : 42.290 秒
  tuple_filtering          : 0.000 秒
  logo_detection           : 0.717 秒
  roi_processing           : 0.001 秒
  roi_annotation           : 0.092 秒
  brand_classification     : 0.001 秒
  background_verification  : 18.230 秒
  font_verification        : 跳过(未执行)
  compliance_check         : 0.002 秒
  total                    : 61.494 秒

【关键结果摘要】
  模糊检测: is_clear=True, combined_score=6.165106297238376
  OCR 文本数: 4
  过滤后元组数: 4
  Logo 检测数: 1
  ROI 布局类型: 横式
  品牌类型: 品牌标识组合使用规范 (R02)
  背景校验: success=True, logo版本=反白版本, 符合要求=True, 干净=True
  合规检测: passed=False, A=73.9, 违规项=3
