============================================================
品牌标识识别运行日志
输入文件: nanwan_pic_0i2x
运行时间: 2026-07-14 16:49:36
运行状态: 成功
消息: Success
============================================================

【模块耗时统计】
  image_load               : 0.080 秒
  blur_detection           : 0.127 秒
  ocr                      : 27.634 秒
  tuple_filtering          : 0.000 秒
  logo_detection           : 0.434 秒
  roi_processing           : 0.003 秒
  roi_annotation           : 0.235 秒
  brand_classification     : 0.000 秒
  background_verification  : 21.196 秒
  font_verification        : 跳过(未执行)
  compliance_check         : 0.001 秒
  total                    : 49.824 秒

【关键结果摘要】
  模糊检测: is_clear=True, combined_score=1.3418748596162418
  OCR 文本数: 5
  过滤后元组数: 4
  Logo 检测数: 1
  ROI 布局类型: 中置式
  品牌类型: 品牌标识组合使用规范 (R02)
  背景校验: success=True, logo版本=标准彩色版本, 符合要求=True, 干净=False
  合规检测: passed=True, A=480.7, 违规项=0
