============================================================
品牌标识识别运行日志
输入文件: nanwan_pic_0gmw
运行时间: 2026-07-09 18:25:45
运行状态: 成功
消息: Success
============================================================

【模块耗时统计】
  image_load               : 0.027 秒
  blur_detection           : 0.132 秒
  ocr                      : 26.323 秒
  tuple_filtering          : 0.000 秒
  logo_detection           : 0.383 秒
  roi_processing           : 0.000 秒
  roi_annotation           : 0.006 秒
  brand_classification     : 0.000 秒
  background_verification  : 16.919 秒
  font_verification        : 11.048 秒
  total                    : 54.840 秒

【关键结果摘要】
  模糊检测: is_clear=True, combined_score=1.7815899984523624
  OCR 文本数: 4
  过滤后元组数: 1
  Logo 检测数: 1
  ROI 布局类型: 横式
  品牌类型: 不同组合形式品牌标识-纯中文 (R01)
  背景校验: success=True, logo版本=标准彩色版本, 符合要求=True, 干净=False
  字体校验: success=True
    english_full: 不适用 (置信度=不适用)
    chinese: 不适用 (置信度=不适用)
    csg: 不适用 (置信度=不适用)
