============================================================
品牌标识识别运行日志
输入文件: nanwan_pic_4d8s
运行时间: 2026-07-14 15:42:49
运行状态: 成功
消息: Success
============================================================

【模块耗时统计】
  image_load               : 0.017 秒
  blur_detection           : 0.049 秒
  ocr                      : 49.276 秒
  tuple_filtering          : 0.001 秒
  logo_detection           : 0.711 秒
  roi_processing           : 0.000 秒
  roi_annotation           : 0.058 秒
  brand_classification     : 0.001 秒
  background_verification  : 25.598 秒
  font_verification        : 跳过(未执行)
  compliance_check         : 0.002 秒
  total                    : 75.775 秒

【关键结果摘要】
  模糊检测: is_clear=True, combined_score=4.223620169171128
  OCR 文本数: 7
  过滤后元组数: 4
  Logo 检测数: 1
  ROI 布局类型: 中置式
  品牌类型: 品牌标识组合使用规范 (R02)
  背景校验: success=True, logo版本=标准彩色版本, 符合要求=True, 干净=True
  合规检测: passed=False, A=118.4, 违规项=1
