============================================================
品牌标识识别运行日志
输入文件: nanwan_pic_0v9f
运行时间: 2026-07-14 10:44:43
运行状态: 成功
消息: Success
============================================================

【模块耗时统计】
  image_load               : 0.025 秒
  blur_detection           : 0.126 秒
  ocr                      : 30.550 秒
  tuple_filtering          : 0.000 秒
  logo_detection           : 0.452 秒
  roi_processing           : 0.000 秒
  roi_annotation           : 跳过(未执行)
  brand_classification     : 0.001 秒
  background_verification  : 跳过(未执行)
  font_verification        : 跳过(未执行)
  compliance_check         : 跳过(未执行)
  total                    : 31.155 秒

【关键结果摘要】
  模糊检测: is_clear=True, combined_score=2.307752983359735
  OCR 文本数: 15
  过滤后元组数: 12
  Logo 检测数: 0
  ROI 布局类型: None
  品牌类型: 品牌标识组合使用规范 (R02)
