============================================================
品牌标识识别运行日志
输入文件: nanwan_pic_0r94
运行时间: 2026-07-14 16:51:34
运行状态: 成功
消息: Success
============================================================

【模块耗时统计】
  image_load               : 0.035 秒
  blur_detection           : 0.012 秒
  ocr                      : 48.567 秒
  tuple_filtering          : 0.001 秒
  logo_detection           : 0.740 秒
  roi_processing           : 0.000 秒
  roi_annotation           : 0.060 秒
  brand_classification     : 0.001 秒
  background_verification  : 6.563 秒
  font_verification        : 跳过(未执行)
  compliance_check         : 0.002 秒
  total                    : 56.053 秒

【关键结果摘要】
  模糊检测: is_clear=True, combined_score=2.6212412254060533
  OCR 文本数: 9
  过滤后元组数: 4
  Logo 检测数: 1
  ROI 布局类型: 横式
  品牌类型: 品牌标识组合使用规范 (R02)
  背景校验: success=True, logo版本=反白版本, 符合要求=True, 干净=False
  合规检测: passed=False, A=115.1, 违规项=1
