============================================================
品牌标识识别运行日志
输入文件: nanwan_pic_4qky
运行时间: 2026-07-14 10:47:31
运行状态: 成功
消息: Success
============================================================

【模块耗时统计】
  image_load               : 0.015 秒
  blur_detection           : 0.095 秒
  ocr                      : 27.026 秒
  tuple_filtering          : 0.000 秒
  logo_detection           : 0.447 秒
  roi_processing           : 0.000 秒
  roi_annotation           : 0.031 秒
  brand_classification     : 0.001 秒
  background_verification  : 11.646 秒
  font_verification        : 26.085 秒
  compliance_check         : 0.001 秒
  total                    : 65.367 秒

【关键结果摘要】
  模糊检测: is_clear=True, combined_score=1.1358237458701133
  OCR 文本数: 5
  过滤后元组数: 2
  Logo 检测数: 1
  ROI 布局类型: 中置式
  品牌类型: 不同组合形式品牌标识 (R03)
  背景校验: success=True, logo版本=标准彩色版本, 符合要求=True, 干净=True
  合规检测: passed=True, A=226.1, 违规项=0
  字体校验: success=True
    chinese: 是 (置信度=高)
    english_full: 是 (置信度=高)
    csg: 不适用 (置信度=不适用)
    other_text: 不适用 (置信度=不适用)
