============================================================
品牌标识识别运行日志
输入文件: nanwan_pic_1jnj
运行时间: 2026-07-14 17:29:35
运行状态: 成功
消息: Success
============================================================

【模块耗时统计】
  image_load               : 0.024 秒
  blur_detection           : 0.064 秒
  ocr                      : 52.420 秒
  tuple_filtering          : 0.001 秒
  logo_detection           : 0.767 秒
  roi_processing           : 0.001 秒
  roi_annotation           : 0.155 秒
  brand_classification     : 0.001 秒
  background_verification  : 17.249 秒
  font_verification        : 跳过(未执行)
  compliance_check         : 0.002 秒
  total                    : 70.807 秒

【关键结果摘要】
  模糊检测: is_clear=True, combined_score=3.098986626339038
  OCR 文本数: 32
  过滤后元组数: 10
  Logo 检测数: 1
  ROI 布局类型: 横式
  品牌类型: 品牌标识组合使用规范 (R02)
  背景校验: success=True, logo版本=反白版本, 符合要求=True, 干净=True
  合规检测: passed=False, A=145.4, 违规项=1
