============================================================
品牌标识识别运行日志
输入文件: target
运行时间: 2026-07-03 16:58:28
运行状态: 成功
消息: Success
============================================================

【模块耗时统计】
  image_load               : 0.177 秒
  blur_detection           : 0.345 秒
  ocr                      : 42.022 秒
  tuple_filtering          : 0.000 秒
  logo_detection           : 0.424 秒
  roi_processing           : 0.003 秒
  roi_annotation           : 0.245 秒
  brand_classification     : 0.000 秒
  total                    : 43.217 秒

【关键结果摘要】
  模糊检测: is_clear=True, combined_score=1.5887912319465005
  OCR 文本数: 5
  过滤后元组数: 3
  Logo 检测数: 1
  ROI 布局类型: 横式
  品牌类型: 品牌标识组合使用规范 (R02)
