============================================================
品牌标识识别运行日志
输入文件: target
运行时间: 2026-07-14 17:48:23
运行状态: 成功
消息: Success
============================================================

【模块耗时统计】
  image_load               : 0.330 秒
  blur_detection           : 0.176 秒
  ocr                      : 53.400 秒
  tuple_filtering          : 0.001 秒
  logo_detection           : 0.704 秒
  roi_processing           : 0.004 秒
  roi_annotation           : 0.494 秒
  brand_classification     : 0.001 秒
  background_verification  : 26.556 秒
  font_verification        : 跳过(未执行)
  compliance_check         : 0.002 秒
  total                    : 81.785 秒

【关键结果摘要】
  模糊检测: is_clear=True, combined_score=1.2295675821115695
  OCR 文本数: 5
  过滤后元组数: 3
  Logo 检测数: 1
  ROI 布局类型: 横式
  品牌类型: 品牌标识组合使用规范 (R02)
  背景校验: success=True, logo版本=反白版本, 符合要求=True, 干净=False
  合规检测: passed=True, A=534.6, 违规项=0
