============================================================
品牌标识识别运行日志
输入文件: target
运行时间: 2026-07-08 15:17:04
运行状态: 成功
消息: Success
============================================================

【模块耗时统计】
  image_load               : 0.177 秒
  blur_detection           : 0.332 秒
  ocr                      : 38.762 秒
  tuple_filtering          : 0.000 秒
  logo_detection           : 0.380 秒
  roi_processing           : 0.002 秒
  roi_annotation           : 0.233 秒
  brand_classification     : 0.000 秒
  background_verification  : 38.930 秒
  font_verification        : 64.726 秒
  total                    : 143.543 秒

【关键结果摘要】
  模糊检测: is_clear=True, combined_score=1.5887912319465005
  OCR 文本数: 5
  过滤后元组数: 3
  Logo 检测数: 1
  ROI 布局类型: 横式
  品牌类型: 品牌标识组合使用规范 (R02)
  背景校验: success=True, logo版本=反白版本, 符合要求=True, 干净=True
  字体校验: success=True
    english_full: 是 (置信度=高)
    chinese: 是 (置信度=高)
    csg: 不适用 (置信度=不适用)
