============================================================
品牌标识识别运行日志
输入文件: target
运行时间: 2026-07-14 10:23:58
运行状态: 成功
消息: Success
============================================================

【模块耗时统计】
  image_load               : 0.164 秒
  blur_detection           : 0.399 秒
  ocr                      : 31.009 秒
  tuple_filtering          : 0.001 秒
  logo_detection           : 0.688 秒
  roi_processing           : 0.004 秒
  roi_annotation           : 0.482 秒
  brand_classification     : 0.000 秒
  background_verification  : 18.647 秒
  font_verification        : 59.474 秒
  compliance_check         : 0.001 秒
  total                    : 110.942 秒

【关键结果摘要】
  模糊检测: is_clear=True, combined_score=1.5887912319465005
  OCR 文本数: 5
  过滤后元组数: 3
  Logo 检测数: 1
  ROI 布局类型: 横式
  品牌类型: 品牌标识组合使用规范 (R02)
  背景校验: success=True, logo版本=反白版本, 符合要求=True, 干净=True
  合规检测: passed=True, A=534.6, 违规项=0
  字体校验: success=True
    chinese: 是 (置信度=高)
    english_full: 是 (置信度=高)
    csg: 不适用 (置信度=不适用)
    other_text: 是 (置信度=高)
