============================================================
品牌标识识别运行日志
输入文件: 错误字体
运行时间: 2026-07-09 13:49:45
运行状态: 成功
消息: Success
============================================================

【模块耗时统计】
  image_load               : 0.008 秒
  blur_detection           : 0.015 秒
  ocr                      : 18.451 秒
  tuple_filtering          : 0.000 秒
  logo_detection           : 0.489 秒
  roi_processing           : 0.000 秒
  roi_annotation           : 0.013 秒
  brand_classification     : 0.000 秒
  background_verification  : 16.261 秒
  font_verification        : 12.716 秒
  total                    : 47.956 秒

【关键结果摘要】
  模糊检测: is_clear=True, combined_score=5.120073764182526
  OCR 文本数: 1
  过滤后元组数: 1
  Logo 检测数: 1
  ROI 布局类型: 中置式
  品牌类型: 无logo文字描述 (None)
  背景校验: success=True, logo版本=标准彩色版本, 符合要求=True, 干净=True
  字体校验: success=True
    chinese: 不适用 (置信度=不适用)
    csg: 不适用 (置信度=不适用)
    english_full: 不适用 (置信度=不适用)
